Started GET "/" for 127.0.0.1 at 2023-05-03 07:59:23 +0300
  [1m[36mActiveRecord::SchemaMigration Pluck (0.6ms)[0m  [1m[34mSELECT "schema_migrations"."version" FROM "schema_migrations" ORDER BY "schema_migrations"."version" ASC[0m
Processing by UserController#index as HTML
Completed 401 Unauthorized in 15ms (ActiveRecord: 0.0ms | Allocations: 8090)


Started GET "/users/sign_in" for 127.0.0.1 at 2023-05-03 07:59:23 +0300
Processing by Devise::SessionsController#new as HTML
  Rendering layout layouts/application.html.erb
  Rendering devise/sessions/new.html.erb within layouts/application
  Rendered devise/shared/_links.html.erb (Duration: 2.5ms | Allocations: 1155)
  Rendered devise/sessions/new.html.erb within layouts/application (Duration: 12.4ms | Allocations: 4615)
  Rendered layout layouts/application.html.erb (Duration: 115.7ms | Allocations: 45734)
Completed 200 OK in 144ms (Views: 124.7ms | ActiveRecord: 0.8ms | Allocations: 69355)


Started POST "/users/sign_in" for 127.0.0.1 at 2023-05-03 07:59:28 +0300
Processing by Devise::SessionsController#create as TURBO_STREAM
  Parameters: {"authenticity_token"=>"[FILTERED]", "user"=>{"email"=>"new@gmail.com", "password"=>"[FILTERED]", "remember_me"=>"0"}, "commit"=>"Log in"}
  [1m[36mUser Load (0.9ms)[0m  [1m[34mSELECT "users".* FROM "users" WHERE "users"."email" = ? ORDER BY "users"."id" ASC LIMIT ?[0m  [["email", "new@gmail.com"], ["LIMIT", 1]]
Redirected to http://127.0.0.1:3000/
Completed 303 See Other in 214ms (ActiveRecord: 0.9ms | Allocations: 6708)


Started GET "/" for 127.0.0.1 at 2023-05-03 07:59:28 +0300
Processing by UserController#index as TURBO_STREAM
  [1m[36mUser Load (0.6ms)[0m  [1m[34mSELECT "users".* FROM "users" WHERE "users"."id" = ? ORDER BY "users"."id" ASC LIMIT ?[0m  [["id", 1], ["LIMIT", 1]]
  Rendering layout layouts/application.html.erb
  Rendering user/index.html.erb within layouts/application
  Rendered user/index.html.erb within layouts/application (Duration: 1.4ms | Allocations: 426)
  Rendered layout layouts/application.html.erb (Duration: 4.7ms | Allocations: 3000)
Completed 200 OK in 10ms (Views: 6.4ms | ActiveRecord: 0.6ms | Allocations: 5231)


Started GET "/recipes" for 127.0.0.1 at 2023-05-03 07:59:34 +0300
Processing by RecipesController#index as HTML
  [1m[36mUser Load (0.2ms)[0m  [1m[34mSELECT "users".* FROM "users" WHERE "users"."id" = ? ORDER BY "users"."id" ASC LIMIT ?[0m  [["id", 1], ["LIMIT", 1]]
  Rendering layout layouts/application.html.erb
  Rendering recipes/index.html.erb within layouts/application
  [1m[36mRecipe Load (0.5ms)[0m  [1m[34mSELECT "recipes".* FROM "recipes" WHERE "recipes"."user_id" = ?[0m  [["user_id", 1]]
  ↳ app/views/recipes/index.html.erb:5
  Rendered recipes/index.html.erb within layouts/application (Duration: 6.6ms | Allocations: 3099)
  Rendered layout layouts/application.html.erb (Duration: 11.7ms | Allocations: 5705)
Completed 200 OK in 95ms (Views: 12.9ms | ActiveRecord: 1.0ms | Allocations: 15222)


Started GET "/" for 127.0.0.1 at 2023-05-03 08:08:58 +0300
  [1m[36mActiveRecord::SchemaMigration Pluck (0.5ms)[0m  [1m[34mSELECT "schema_migrations"."version" FROM "schema_migrations" ORDER BY "schema_migrations"."version" ASC[0m
Processing by UserController#index as HTML
  [1m[36mUser Load (0.6ms)[0m  [1m[34mSELECT "users".* FROM "users" WHERE "users"."id" = ? ORDER BY "users"."id" ASC LIMIT ?[0m  [["id", 1], ["LIMIT", 1]]
  Rendering layout layouts/application.html.erb
  Rendering user/index.html.erb within layouts/application
  Rendered user/index.html.erb within layouts/application (Duration: 3.0ms | Allocations: 795)
  Rendered layout layouts/application.html.erb (Duration: 114.0ms | Allocations: 49212)
Completed 200 OK in 151ms (Views: 118.1ms | ActiveRecord: 1.5ms | Allocations: 64976)


Started DELETE "/users/sign_out" for 127.0.0.1 at 2023-05-03 08:09:01 +0300
Processing by Devise::SessionsController#destroy as TURBO_STREAM
  Parameters: {"authenticity_token"=>"[FILTERED]"}
  [1m[36mUser Load (0.3ms)[0m  [1m[34mSELECT "users".* FROM "users" WHERE "users"."id" = ? ORDER BY "users"."id" ASC LIMIT ?[0m  [["id", 1], ["LIMIT", 1]]
Redirected to http://127.0.0.1:3000/
Completed 303 See Other in 20ms (ActiveRecord: 0.3ms | Allocations: 5196)


Started GET "/" for 127.0.0.1 at 2023-05-03 08:09:01 +0300
Processing by UserController#index as TURBO_STREAM
Completed 401 Unauthorized in 3ms (ActiveRecord: 0.0ms | Allocations: 511)


Started GET "/users/sign_in" for 127.0.0.1 at 2023-05-03 08:09:01 +0300
Processing by Devise::SessionsController#new as TURBO_STREAM
  Rendering layout layouts/application.html.erb
  Rendering devise/sessions/new.html.erb within layouts/application
  Rendered devise/shared/_links.html.erb (Duration: 2.6ms | Allocations: 844)
  Rendered devise/sessions/new.html.erb within layouts/application (Duration: 10.1ms | Allocations: 3732)
  Rendered layout layouts/application.html.erb (Duration: 13.9ms | Allocations: 6296)
Completed 200 OK in 18ms (Views: 16.9ms | ActiveRecord: 0.0ms | Allocations: 7797)


Started POST "/users/sign_in" for 127.0.0.1 at 2023-05-03 08:09:06 +0300
Processing by Devise::SessionsController#create as TURBO_STREAM
  Parameters: {"authenticity_token"=>"[FILTERED]", "user"=>{"email"=>"new@gmail.com", "password"=>"[FILTERED]", "remember_me"=>"0"}, "commit"=>"Log in"}
  [1m[36mUser Load (0.7ms)[0m  [1m[34mSELECT "users".* FROM "users" WHERE "users"."email" = ? ORDER BY "users"."id" ASC LIMIT ?[0m  [["email", "new@gmail.com"], ["LIMIT", 1]]
Redirected to http://127.0.0.1:3000/
Completed 303 See Other in 228ms (ActiveRecord: 0.7ms | Allocations: 4349)


Started GET "/" for 127.0.0.1 at 2023-05-03 08:09:06 +0300
Processing by UserController#index as TURBO_STREAM
  [1m[36mUser Load (0.1ms)[0m  [1m[34mSELECT "users".* FROM "users" WHERE "users"."id" = ? ORDER BY "users"."id" ASC LIMIT ?[0m  [["id", 1], ["LIMIT", 1]]
  Rendering layout layouts/application.html.erb
  Rendering user/index.html.erb within layouts/application
  Rendered user/index.html.erb within layouts/application (Duration: 0.3ms | Allocations: 272)
  Rendered layout layouts/application.html.erb (Duration: 3.2ms | Allocations: 2749)
Completed 200 OK in 6ms (Views: 3.5ms | ActiveRecord: 0.1ms | Allocations: 4671)


Started GET "/recipes" for 127.0.0.1 at 2023-05-03 08:09:11 +0300
Processing by RecipesController#index as HTML
  [1m[36mUser Load (0.1ms)[0m  [1m[34mSELECT "users".* FROM "users" WHERE "users"."id" = ? ORDER BY "users"."id" ASC LIMIT ?[0m  [["id", 1], ["LIMIT", 1]]
  Rendering layout layouts/application.html.erb
  Rendering recipes/index.html.erb within layouts/application
  [1m[36mRecipe Load (0.6ms)[0m  [1m[34mSELECT "recipes".* FROM "recipes" WHERE "recipes"."user_id" = ?[0m  [["user_id", 1]]
  ↳ app/views/recipes/index.html.erb:5
  Rendered recipes/index.html.erb within layouts/application (Duration: 8.1ms | Allocations: 2981)
  Rendered layout layouts/application.html.erb (Duration: 14.2ms | Allocations: 5587)
Completed 200 OK in 31ms (Views: 15.3ms | ActiveRecord: 1.0ms | Allocations: 11149)


Started GET "/recipes/new" for 127.0.0.1 at 2023-05-03 08:09:14 +0300
Processing by RecipesController#new as HTML
  [1m[36mUser Load (0.1ms)[0m  [1m[34mSELECT "users".* FROM "users" WHERE "users"."id" = ? ORDER BY "users"."id" ASC LIMIT ?[0m  [["id", 1], ["LIMIT", 1]]
Completed 406 Not Acceptable in 12ms (ActiveRecord: 0.5ms | Allocations: 6316)


  
ActionController::MissingExactTemplate (RecipesController#new is missing a template for request formats: text/html):
  
actionpack (7.0.4.3) lib/action_controller/metal/implicit_render.rb:45:in `default_render'
actionpack (7.0.4.3) lib/action_controller/metal/basic_implicit_render.rb:6:in `block in send_action'
<internal:kernel>:90:in `tap'
actionpack (7.0.4.3) lib/action_controller/metal/basic_implicit_render.rb:6:in `send_action'
actionpack (7.0.4.3) lib/abstract_controller/base.rb:215:in `process_action'
actionpack (7.0.4.3) lib/action_controller/metal/rendering.rb:53:in `process_action'
actionpack (7.0.4.3) lib/abstract_controller/callbacks.rb:234:in `block in process_action'
activesupport (7.0.4.3) lib/active_support/callbacks.rb:118:in `block in run_callbacks'
actiontext (7.0.4.3) lib/action_text/rendering.rb:20:in `with_renderer'
actiontext (7.0.4.3) lib/action_text/engine.rb:69:in `block (4 levels) in <class:Engine>'
activesupport (7.0.4.3) lib/active_support/callbacks.rb:127:in `instance_exec'
activesupport (7.0.4.3) lib/active_support/callbacks.rb:127:in `block in run_callbacks'
activesupport (7.0.4.3) lib/active_support/callbacks.rb:138:in `run_callbacks'
actionpack (7.0.4.3) lib/abstract_controller/callbacks.rb:233:in `process_action'
actionpack (7.0.4.3) lib/action_controller/metal/rescue.rb:22:in `process_action'
actionpack (7.0.4.3) lib/action_controller/metal/instrumentation.rb:67:in `block in process_action'
activesupport (7.0.4.3) lib/active_support/notifications.rb:206:in `block in instrument'
activesupport (7.0.4.3) lib/active_support/notifications/instrumenter.rb:24:in `instrument'
activesupport (7.0.4.3) lib/active_support/notifications.rb:206:in `instrument'
actionpack (7.0.4.3) lib/action_controller/metal/instrumentation.rb:66:in `process_action'
actionpack (7.0.4.3) lib/action_controller/metal/params_wrapper.rb:259:in `process_action'
activerecord (7.0.4.3) lib/active_record/railties/controller_runtime.rb:27:in `process_action'
actionpack (7.0.4.3) lib/abstract_controller/base.rb:151:in `process'
actionview (7.0.4.3) lib/action_view/rendering.rb:39:in `process'
actionpack (7.0.4.3) lib/action_controller/metal.rb:188:in `dispatch'
actionpack (7.0.4.3) lib/action_controller/metal.rb:251:in `dispatch'
actionpack (7.0.4.3) lib/action_dispatch/routing/route_set.rb:49:in `dispatch'
actionpack (7.0.4.3) lib/action_dispatch/routing/route_set.rb:32:in `serve'
actionpack (7.0.4.3) lib/action_dispatch/journey/router.rb:50:in `block in serve'
actionpack (7.0.4.3) lib/action_dispatch/journey/router.rb:32:in `each'
actionpack (7.0.4.3) lib/action_dispatch/journey/router.rb:32:in `serve'
actionpack (7.0.4.3) lib/action_dispatch/routing/route_set.rb:852:in `call'
warden (1.2.9) lib/warden/manager.rb:36:in `block in call'
warden (1.2.9) lib/warden/manager.rb:34:in `catch'
warden (1.2.9) lib/warden/manager.rb:34:in `call'
rack (2.2.7) lib/rack/tempfile_reaper.rb:15:in `call'
rack (2.2.7) lib/rack/etag.rb:27:in `call'
rack (2.2.7) lib/rack/conditional_get.rb:27:in `call'
rack (2.2.7) lib/rack/head.rb:12:in `call'
actionpack (7.0.4.3) lib/action_dispatch/http/permissions_policy.rb:38:in `call'
actionpack (7.0.4.3) lib/action_dispatch/http/content_security_policy.rb:36:in `call'
rack (2.2.7) lib/rack/session/abstract/id.rb:266:in `context'
rack (2.2.7) lib/rack/session/abstract/id.rb:260:in `call'
actionpack (7.0.4.3) lib/action_dispatch/middleware/cookies.rb:704:in `call'
activerecord (7.0.4.3) lib/active_record/migration.rb:603:in `call'
actionpack (7.0.4.3) lib/action_dispatch/middleware/callbacks.rb:27:in `block in call'
activesupport (7.0.4.3) lib/active_support/callbacks.rb:99:in `run_callbacks'
actionpack (7.0.4.3) lib/action_dispatch/middleware/callbacks.rb:26:in `call'
actionpack (7.0.4.3) lib/action_dispatch/middleware/executor.rb:14:in `call'
actionpack (7.0.4.3) lib/action_dispatch/middleware/actionable_exceptions.rb:17:in `call'
actionpack (7.0.4.3) lib/action_dispatch/middleware/debug_exceptions.rb:28:in `call'
web-console (4.2.0) lib/web_console/middleware.rb:132:in `call_app'
web-console (4.2.0) lib/web_console/middleware.rb:28:in `block in call'
web-console (4.2.0) lib/web_console/middleware.rb:17:in `catch'
web-console (4.2.0) lib/web_console/middleware.rb:17:in `call'
actionpack (7.0.4.3) lib/action_dispatch/middleware/show_exceptions.rb:26:in `call'
railties (7.0.4.3) lib/rails/rack/logger.rb:40:in `call_app'
railties (7.0.4.3) lib/rails/rack/logger.rb:25:in `block in call'
activesupport (7.0.4.3) lib/active_support/tagged_logging.rb:99:in `block in tagged'
activesupport (7.0.4.3) lib/active_support/tagged_logging.rb:37:in `tagged'
activesupport (7.0.4.3) lib/active_support/tagged_logging.rb:99:in `tagged'
railties (7.0.4.3) lib/rails/rack/logger.rb:25:in `call'
sprockets-rails (3.4.2) lib/sprockets/rails/quiet_assets.rb:13:in `call'
actionpack (7.0.4.3) lib/action_dispatch/middleware/remote_ip.rb:93:in `call'
actionpack (7.0.4.3) lib/action_dispatch/middleware/request_id.rb:26:in `call'
rack (2.2.7) lib/rack/method_override.rb:24:in `call'
rack (2.2.7) lib/rack/runtime.rb:22:in `call'
activesupport (7.0.4.3) lib/active_support/cache/strategy/local_cache_middleware.rb:29:in `call'
actionpack (7.0.4.3) lib/action_dispatch/middleware/server_timing.rb:61:in `block in call'
actionpack (7.0.4.3) lib/action_dispatch/middleware/server_timing.rb:26:in `collect_events'
actionpack (7.0.4.3) lib/action_dispatch/middleware/server_timing.rb:60:in `call'
actionpack (7.0.4.3) lib/action_dispatch/middleware/executor.rb:14:in `call'
actionpack (7.0.4.3) lib/action_dispatch/middleware/static.rb:23:in `call'
rack (2.2.7) lib/rack/sendfile.rb:110:in `call'
actionpack (7.0.4.3) lib/action_dispatch/middleware/host_authorization.rb:137:in `call'
railties (7.0.4.3) lib/rails/engine.rb:530:in `call'
puma (5.6.5) lib/puma/configuration.rb:252:in `call'
puma (5.6.5) lib/puma/request.rb:77:in `block in handle_request'
puma (5.6.5) lib/puma/thread_pool.rb:340:in `with_force_shutdown'
puma (5.6.5) lib/puma/request.rb:76:in `handle_request'
puma (5.6.5) lib/puma/server.rb:443:in `process_client'
puma (5.6.5) lib/puma/thread_pool.rb:147:in `block in spawn_thread'
Started GET "/recipes" for 127.0.0.1 at 2023-05-03 08:09:16 +0300
Processing by RecipesController#index as HTML
  [1m[36mUser Load (0.1ms)[0m  [1m[34mSELECT "users".* FROM "users" WHERE "users"."id" = ? ORDER BY "users"."id" ASC LIMIT ?[0m  [["id", 1], ["LIMIT", 1]]
  Rendering layout layouts/application.html.erb
  Rendering recipes/index.html.erb within layouts/application
  [1m[36mRecipe Load (0.1ms)[0m  [1m[34mSELECT "recipes".* FROM "recipes" WHERE "recipes"."user_id" = ?[0m  [["user_id", 1]]
  ↳ app/views/recipes/index.html.erb:5
  Rendered recipes/index.html.erb within layouts/application (Duration: 1.2ms | Allocations: 725)
  Rendered layout layouts/application.html.erb (Duration: 5.1ms | Allocations: 3217)
Completed 200 OK in 9ms (Views: 5.4ms | ActiveRecord: 0.2ms | Allocations: 5120)


Started GET "/" for 127.0.0.1 at 2023-05-03 08:09:18 +0300
Processing by UserController#index as HTML
  [1m[36mUser Load (0.1ms)[0m  [1m[34mSELECT "users".* FROM "users" WHERE "users"."id" = ? ORDER BY "users"."id" ASC LIMIT ?[0m  [["id", 1], ["LIMIT", 1]]
  Rendering layout layouts/application.html.erb
  Rendering user/index.html.erb within layouts/application
  Rendered user/index.html.erb within layouts/application (Duration: 0.8ms | Allocations: 240)
  Rendered layout layouts/application.html.erb (Duration: 8.9ms | Allocations: 2595)
Completed 200 OK in 13ms (Views: 9.5ms | ActiveRecord: 0.1ms | Allocations: 4231)


Started GET "/users/sign_in" for 127.0.0.1 at 2023-05-03 08:09:23 +0300
Processing by Devise::SessionsController#new as HTML
  [1m[36mUser Load (0.2ms)[0m  [1m[34mSELECT "users".* FROM "users" WHERE "users"."id" = ? ORDER BY "users"."id" ASC LIMIT ?[0m  [["id", 1], ["LIMIT", 1]]
Redirected to http://127.0.0.1:3000/
Filter chain halted as :require_no_authentication rendered or redirected
Completed 302 Found in 3ms (ActiveRecord: 0.2ms | Allocations: 1635)


Started GET "/" for 127.0.0.1 at 2023-05-03 08:09:23 +0300
Processing by UserController#index as HTML
  [1m[36mUser Load (0.2ms)[0m  [1m[34mSELECT "users".* FROM "users" WHERE "users"."id" = ? ORDER BY "users"."id" ASC LIMIT ?[0m  [["id", 1], ["LIMIT", 1]]
  Rendering layout layouts/application.html.erb
  Rendering user/index.html.erb within layouts/application
  Rendered user/index.html.erb within layouts/application (Duration: 0.4ms | Allocations: 231)
  Rendered layout layouts/application.html.erb (Duration: 3.9ms | Allocations: 2589)
Completed 200 OK in 8ms (Views: 4.4ms | ActiveRecord: 0.2ms | Allocations: 4273)


Started DELETE "/users/sign_out" for 127.0.0.1 at 2023-05-03 08:09:24 +0300
Processing by Devise::SessionsController#destroy as TURBO_STREAM
  Parameters: {"authenticity_token"=>"[FILTERED]"}
  [1m[36mUser Load (0.1ms)[0m  [1m[34mSELECT "users".* FROM "users" WHERE "users"."id" = ? ORDER BY "users"."id" ASC LIMIT ?[0m  [["id", 1], ["LIMIT", 1]]
Redirected to http://127.0.0.1:3000/
Completed 303 See Other in 4ms (ActiveRecord: 0.1ms | Allocations: 2014)


Started GET "/" for 127.0.0.1 at 2023-05-03 08:09:24 +0300
Processing by UserController#index as TURBO_STREAM
Completed 401 Unauthorized in 1ms (ActiveRecord: 0.0ms | Allocations: 403)


Started GET "/users/sign_in" for 127.0.0.1 at 2023-05-03 08:09:24 +0300
Processing by Devise::SessionsController#new as TURBO_STREAM
  Rendering layout layouts/application.html.erb
  Rendering devise/sessions/new.html.erb within layouts/application
  Rendered devise/shared/_links.html.erb (Duration: 0.3ms | Allocations: 185)
  Rendered devise/sessions/new.html.erb within layouts/application (Duration: 2.2ms | Allocations: 1267)
  Rendered layout layouts/application.html.erb (Duration: 6.0ms | Allocations: 3616)
Completed 200 OK in 8ms (Views: 6.4ms | ActiveRecord: 0.0ms | Allocations: 4364)


Started GET "/users/password/new" for 127.0.0.1 at 2023-05-03 08:09:31 +0300
Processing by Devise::PasswordsController#new as HTML
  Rendering layout layouts/application.html.erb
  Rendering devise/passwords/new.html.erb within layouts/application
  Rendered devise/shared/_error_messages.html.erb (Duration: 0.7ms | Allocations: 219)
  Rendered devise/shared/_links.html.erb (Duration: 0.8ms | Allocations: 256)
  Rendered devise/passwords/new.html.erb within layouts/application (Duration: 4.2ms | Allocations: 1695)
  Rendered layout layouts/application.html.erb (Duration: 12.5ms | Allocations: 4252)
Completed 200 OK in 17ms (Views: 14.3ms | ActiveRecord: 0.0ms | Allocations: 5649)


Started POST "/users/password" for 127.0.0.1 at 2023-05-03 08:09:34 +0300
Processing by Devise::PasswordsController#create as TURBO_STREAM
  Parameters: {"authenticity_token"=>"[FILTERED]", "user"=>{"email"=>"new@gmail.com"}, "commit"=>"Send me reset password instructions"}
  [1m[36mUser Load (0.2ms)[0m  [1m[34mSELECT "users".* FROM "users" WHERE "users"."email" = ? ORDER BY "users"."id" ASC LIMIT ?[0m  [["email", "new@gmail.com"], ["LIMIT", 1]]
  [1m[36mUser Load (1.0ms)[0m  [1m[34mSELECT "users".* FROM "users" WHERE "users"."reset_password_token" = ? ORDER BY "users"."id" ASC LIMIT ?[0m  [["reset_password_token", "[FILTERED]"], ["LIMIT", 1]]
  [1m[36mTRANSACTION (0.0ms)[0m  [1m[36mbegin transaction[0m
  [1m[36mUser Update (1.3ms)[0m  [1m[33mUPDATE "users" SET "reset_password_token" = ?, "reset_password_sent_at" = ?, "updated_at" = ? WHERE "users"."id" = ?[0m  [["reset_password_token", "[FILTERED]"], ["reset_password_sent_at", "[FILTERED]"], ["updated_at", "2023-05-03 05:09:34.573963"], ["id", 1]]
  [1m[36mTRANSACTION (4.6ms)[0m  [1m[36mcommit transaction[0m
  Rendering devise/mailer/reset_password_instructions.html.erb
  Rendered devise/mailer/reset_password_instructions.html.erb (Duration: 1.0ms | Allocations: 383)
Devise::Mailer#reset_password_instructions: processed outbound mail in 8.0ms
Delivered mail 6451ec8e9eae2_5c7137f09195b@AMANUELs-MacBook-Pro.local.mail (28.4ms)
Date: Wed, 03 May 2023 08:09:34 +0300
From: please-change-me-at-config-initializers-devise@example.com
Reply-To: please-change-me-at-config-initializers-devise@example.com
To: new@gmail.com
Message-ID: <6451ec8e9eae2_5c7137f09195b@AMANUELs-MacBook-Pro.local.mail>
Subject: Reset password instructions
Mime-Version: 1.0
Content-Type: text/html;
 charset=UTF-8
Content-Transfer-Encoding: 7bit

<p>Hello new@gmail.com!</p>

<p>Someone has requested a link to change your password. You can do this through the link below.</p>

<p><a href="http://localhost:3000/users/password/edit?reset_password_token=vEufJBBGvMvXGWedZ6yM">Change my password</a></p>

<p>If you didn't request this, please ignore this email.</p>
<p>Your password won't change until you access the link above and create a new one.</p>

Redirected to http://127.0.0.1:3000/users/sign_in
Completed 303 See Other in 209ms (ActiveRecord: 7.2ms | Allocations: 39987)


Started GET "/users/sign_in" for 127.0.0.1 at 2023-05-03 08:09:34 +0300
Processing by Devise::SessionsController#new as TURBO_STREAM
  Rendering layout layouts/application.html.erb
  Rendering devise/sessions/new.html.erb within layouts/application
  Rendered devise/shared/_links.html.erb (Duration: 0.9ms | Allocations: 187)
  Rendered devise/sessions/new.html.erb within layouts/application (Duration: 4.1ms | Allocations: 1302)
  Rendered layout layouts/application.html.erb (Duration: 17.1ms | Allocations: 3763)
Completed 200 OK in 21ms (Views: 18.1ms | ActiveRecord: 0.0ms | Allocations: 4629)


Started GET "/users/password/edit?reset_password_token=[FILTERED]" for ::1 at 2023-05-03 08:09:36 +0300
Processing by Devise::PasswordsController#edit as HTML
  Parameters: {"reset_password_token"=>"[FILTERED]"}
  Rendering layout layouts/application.html.erb
  Rendering devise/passwords/edit.html.erb within layouts/application
  Rendered devise/shared/_error_messages.html.erb (Duration: 0.0ms | Allocations: 14)
  Rendered devise/shared/_links.html.erb (Duration: 0.6ms | Allocations: 201)
  Rendered devise/passwords/edit.html.erb within layouts/application (Duration: 6.1ms | Allocations: 1644)
  Rendered layout layouts/application.html.erb (Duration: 12.2ms | Allocations: 4111)
Completed 200 OK in 18ms (Views: 13.0ms | ActiveRecord: 0.0ms | Allocations: 7733)


Started PUT "/users/password" for ::1 at 2023-05-03 08:09:40 +0300
Processing by Devise::PasswordsController#update as TURBO_STREAM
  Parameters: {"authenticity_token"=>"[FILTERED]", "user"=>{"reset_password_token"=>"[FILTERED]", "password"=>"[FILTERED]", "password_confirmation"=>"[FILTERED]"}, "commit"=>"Change my password"}
  [1m[36mUser Load (0.2ms)[0m  [1m[34mSELECT "users".* FROM "users" WHERE "users"."reset_password_token" = ? ORDER BY "users"."id" ASC LIMIT ?[0m  [["reset_password_token", "[FILTERED]"], ["LIMIT", 1]]
  [1m[36mTRANSACTION (0.1ms)[0m  [1m[36mbegin transaction[0m
  [1m[36mUser Update (0.5ms)[0m  [1m[33mUPDATE "users" SET "encrypted_password" = ?, "reset_password_token" = ?, "reset_password_sent_at" = ?, "updated_at" = ? WHERE "users"."id" = ?[0m  [["encrypted_password", "[FILTERED]"], ["reset_password_token", "[FILTERED]"], ["reset_password_sent_at", "[FILTERED]"], ["updated_at", "2023-05-03 05:09:40.925046"], ["id", 1]]
  [1m[36mTRANSACTION (1.0ms)[0m  [1m[36mcommit transaction[0m
Redirected to http://localhost:3000/
Completed 303 See Other in 212ms (ActiveRecord: 1.7ms | Allocations: 6655)


Started GET "/" for ::1 at 2023-05-03 08:09:40 +0300
Processing by UserController#index as TURBO_STREAM
  [1m[36mUser Load (0.1ms)[0m  [1m[34mSELECT "users".* FROM "users" WHERE "users"."id" = ? ORDER BY "users"."id" ASC LIMIT ?[0m  [["id", 1], ["LIMIT", 1]]
  Rendering layout layouts/application.html.erb
  Rendering user/index.html.erb within layouts/application
  Rendered user/index.html.erb within layouts/application (Duration: 0.5ms | Allocations: 233)
  Rendered layout layouts/application.html.erb (Duration: 5.4ms | Allocations: 2605)
Completed 200 OK in 9ms (Views: 6.0ms | ActiveRecord: 0.1ms | Allocations: 4330)


Started DELETE "/users/sign_out" for ::1 at 2023-05-03 08:09:42 +0300
Processing by Devise::SessionsController#destroy as TURBO_STREAM
  Parameters: {"authenticity_token"=>"[FILTERED]"}
  [1m[36mUser Load (0.2ms)[0m  [1m[34mSELECT "users".* FROM "users" WHERE "users"."id" = ? ORDER BY "users"."id" ASC LIMIT ?[0m  [["id", 1], ["LIMIT", 1]]
Redirected to http://localhost:3000/
Completed 303 See Other in 4ms (ActiveRecord: 0.2ms | Allocations: 2024)


Started GET "/" for ::1 at 2023-05-03 08:09:42 +0300
Processing by UserController#index as TURBO_STREAM
Completed 401 Unauthorized in 1ms (ActiveRecord: 0.0ms | Allocations: 441)


Started GET "/users/sign_in" for ::1 at 2023-05-03 08:09:42 +0300
Processing by Devise::SessionsController#new as TURBO_STREAM
  Rendering layout layouts/application.html.erb
  Rendering devise/sessions/new.html.erb within layouts/application
  Rendered devise/shared/_links.html.erb (Duration: 0.3ms | Allocations: 185)
  Rendered devise/sessions/new.html.erb within layouts/application (Duration: 3.0ms | Allocations: 1250)
  Rendered layout layouts/application.html.erb (Duration: 6.7ms | Allocations: 3599)
Completed 200 OK in 10ms (Views: 8.0ms | ActiveRecord: 0.0ms | Allocations: 4399)


Started POST "/users/sign_in" for ::1 at 2023-05-03 08:09:46 +0300
Processing by Devise::SessionsController#create as TURBO_STREAM
  Parameters: {"authenticity_token"=>"[FILTERED]", "user"=>{"email"=>"new@gmail.com", "password"=>"[FILTERED]", "remember_me"=>"0"}, "commit"=>"Log in"}
  [1m[36mUser Load (0.1ms)[0m  [1m[34mSELECT "users".* FROM "users" WHERE "users"."email" = ? ORDER BY "users"."id" ASC LIMIT ?[0m  [["email", "new@gmail.com"], ["LIMIT", 1]]
Completed 401 Unauthorized in 213ms (ActiveRecord: 0.1ms | Allocations: 1659)


Processing by Devise::SessionsController#new as TURBO_STREAM
  Parameters: {"authenticity_token"=>"[FILTERED]", "user"=>{"email"=>"new@gmail.com", "password"=>"[FILTERED]", "remember_me"=>"0"}, "commit"=>"Log in"}
  Rendering layout layouts/application.html.erb
  Rendering devise/sessions/new.html.erb within layouts/application
  Rendered devise/shared/_links.html.erb (Duration: 0.7ms | Allocations: 185)
  Rendered devise/sessions/new.html.erb within layouts/application (Duration: 2.3ms | Allocations: 1228)
  Rendered layout layouts/application.html.erb (Duration: 5.1ms | Allocations: 3566)
Completed 200 OK in 211ms (Views: 5.5ms | ActiveRecord: 0.0ms | Allocations: 4113)


Started POST "/users/sign_in" for ::1 at 2023-05-03 08:09:49 +0300
Processing by Devise::SessionsController#create as TURBO_STREAM
  Parameters: {"authenticity_token"=>"[FILTERED]", "user"=>{"email"=>"new@gmail.com", "password"=>"[FILTERED]", "remember_me"=>"0"}, "commit"=>"Log in"}
  [1m[36mUser Load (0.2ms)[0m  [1m[34mSELECT "users".* FROM "users" WHERE "users"."email" = ? ORDER BY "users"."id" ASC LIMIT ?[0m  [["email", "new@gmail.com"], ["LIMIT", 1]]
Redirected to http://localhost:3000/
Completed 303 See Other in 221ms (ActiveRecord: 0.2ms | Allocations: 2465)


Started GET "/" for ::1 at 2023-05-03 08:09:49 +0300
Processing by UserController#index as TURBO_STREAM
  [1m[36mUser Load (0.1ms)[0m  [1m[34mSELECT "users".* FROM "users" WHERE "users"."id" = ? ORDER BY "users"."id" ASC LIMIT ?[0m  [["id", 1], ["LIMIT", 1]]
  Rendering layout layouts/application.html.erb
  Rendering user/index.html.erb within layouts/application
  Rendered user/index.html.erb within layouts/application (Duration: 0.9ms | Allocations: 235)
  Rendered layout layouts/application.html.erb (Duration: 8.6ms | Allocations: 2604)
Completed 200 OK in 14ms (Views: 9.3ms | ActiveRecord: 0.1ms | Allocations: 4301)


Started DELETE "/users/sign_out" for ::1 at 2023-05-03 08:09:51 +0300
Processing by Devise::SessionsController#destroy as TURBO_STREAM
  Parameters: {"authenticity_token"=>"[FILTERED]"}
  [1m[36mUser Load (0.1ms)[0m  [1m[34mSELECT "users".* FROM "users" WHERE "users"."id" = ? ORDER BY "users"."id" ASC LIMIT ?[0m  [["id", 1], ["LIMIT", 1]]
Redirected to http://localhost:3000/
Completed 303 See Other in 5ms (ActiveRecord: 0.1ms | Allocations: 1980)


Started GET "/" for ::1 at 2023-05-03 08:09:51 +0300
Processing by UserController#index as TURBO_STREAM
Completed 401 Unauthorized in 1ms (ActiveRecord: 0.0ms | Allocations: 445)


Started GET "/users/sign_in" for ::1 at 2023-05-03 08:09:51 +0300
Processing by Devise::SessionsController#new as TURBO_STREAM
  Rendering layout layouts/application.html.erb
  Rendering devise/sessions/new.html.erb within layouts/application
  Rendered devise/shared/_links.html.erb (Duration: 0.2ms | Allocations: 185)
  Rendered devise/sessions/new.html.erb within layouts/application (Duration: 1.6ms | Allocations: 1235)
  Rendered layout layouts/application.html.erb (Duration: 5.7ms | Allocations: 3584)
Completed 200 OK in 9ms (Views: 6.6ms | ActiveRecord: 0.0ms | Allocations: 4368)


  [1m[36mTRANSACTION (0.1ms)[0m  [1m[36mbegin transaction[0m
  [1m[36mUser Load (1.1ms)[0m  [1m[34mSELECT "users".* FROM "users" WHERE "users"."id" = ? LIMIT ?[0m  [["id", 1], ["LIMIT", 1]]
  [1m[36mInventory Create (2.6ms)[0m  [1m[32mINSERT INTO "inventories" ("user_id", "created_at", "updated_at", "name") VALUES (?, ?, ?, ?)[0m  [["user_id", 1], ["created_at", "2023-05-03 08:06:39.269858"], ["updated_at", "2023-05-03 08:06:39.269858"], ["name", "My new Inventory"]]
  [1m[36mTRANSACTION (2.5ms)[0m  [1m[36mcommit transaction[0m
Started POST "/users/sign_in" for ::1 at 2023-05-03 11:08:12 +0300
Processing by Devise::SessionsController#create as TURBO_STREAM
  Parameters: {"authenticity_token"=>"[FILTERED]", "user"=>{"email"=>"new@gmail.com", "password"=>"[FILTERED]", "remember_me"=>"0"}, "commit"=>"Log in"}
  [1m[36mUser Load (0.1ms)[0m  [1m[34mSELECT "users".* FROM "users" WHERE "users"."email" = ? ORDER BY "users"."id" ASC LIMIT ?[0m  [["email", "new@gmail.com"], ["LIMIT", 1]]
Completed 401 Unauthorized in 205ms (ActiveRecord: 0.6ms | Allocations: 5463)


Processing by Devise::SessionsController#new as TURBO_STREAM
  Parameters: {"authenticity_token"=>"[FILTERED]", "user"=>{"email"=>"new@gmail.com", "password"=>"[FILTERED]", "remember_me"=>"0"}, "commit"=>"Log in"}
  Rendering layout layouts/application.html.erb
  Rendering devise/sessions/new.html.erb within layouts/application
  Rendered devise/shared/_links.html.erb (Duration: 1.3ms | Allocations: 625)
  Rendered devise/sessions/new.html.erb within layouts/application (Duration: 5.8ms | Allocations: 2273)
  Rendered layout layouts/application.html.erb (Duration: 30.6ms | Allocations: 17397)
Completed 200 OK in 244ms (Views: 34.2ms | ActiveRecord: 0.0ms | Allocations: 18757)


Started POST "/users/sign_in" for ::1 at 2023-05-03 11:08:17 +0300
Processing by Devise::SessionsController#create as TURBO_STREAM
  Parameters: {"authenticity_token"=>"[FILTERED]", "user"=>{"email"=>"new@gmail.com", "password"=>"[FILTERED]", "remember_me"=>"0"}, "commit"=>"Log in"}
  [1m[36mUser Load (0.1ms)[0m  [1m[34mSELECT "users".* FROM "users" WHERE "users"."email" = ? ORDER BY "users"."id" ASC LIMIT ?[0m  [["email", "new@gmail.com"], ["LIMIT", 1]]
Redirected to http://localhost:3000/
Completed 303 See Other in 193ms (ActiveRecord: 0.1ms | Allocations: 3062)


Started GET "/" for ::1 at 2023-05-03 11:08:17 +0300
Processing by UserController#index as TURBO_STREAM
  [1m[36mUser Load (0.2ms)[0m  [1m[34mSELECT "users".* FROM "users" WHERE "users"."id" = ? ORDER BY "users"."id" ASC LIMIT ?[0m  [["id", 1], ["LIMIT", 1]]
  Rendering layout layouts/application.html.erb
  Rendering user/index.html.erb within layouts/application
  Rendered user/index.html.erb within layouts/application (Duration: 1.4ms | Allocations: 469)
  Rendered layout layouts/application.html.erb (Duration: 5.6ms | Allocations: 3037)
Completed 200 OK in 12ms (Views: 8.3ms | ActiveRecord: 0.2ms | Allocations: 5654)


Started GET "/inventories" for ::1 at 2023-05-03 11:08:27 +0300
Processing by InventoriesController#index as HTML
  [1m[36mUser Load (0.1ms)[0m  [1m[34mSELECT "users".* FROM "users" WHERE "users"."id" = ? ORDER BY "users"."id" ASC LIMIT ?[0m  [["id", 1], ["LIMIT", 1]]
  Rendering layout layouts/application.html.erb
  Rendering inventories/index.html.erb within layouts/application
  [1m[36mInventory Load (0.1ms)[0m  [1m[34mSELECT "inventories".* FROM "inventories" WHERE "inventories"."user_id" = ?[0m  [["user_id", 1]]
  ↳ app/views/inventories/index.html.erb:5
  Rendered inventories/_inventory.html.erb (Duration: 1.5ms | Allocations: 337)
  Rendered inventories/index.html.erb within layouts/application (Duration: 18.4ms | Allocations: 9111)
  Rendered layout layouts/application.html.erb (Duration: 18.8ms | Allocations: 9196)
Completed 500 Internal Server Error in 28ms (ActiveRecord: 0.8ms | Allocations: 13716)


  
ActionView::Template::Error (undefined local variable or method `inventory' for #<ActionView::Base:0x00000000012fe8>

             if can? :destroy, inventory 
                               ^^^^^^^^^
Did you mean?  @inventories):
     8:         <%= link_to "Show this inventory", inventory, class: "action" %>
     9:       </div>
    10:     <% end %>
    11:             <% if can? :destroy, inventory %>
    12:                 <%= button_to "Remove", inventory, method: :delete, data: { confirm: "Are you sure?" }, class: "actions" %>
    13:             <% end %>
    14:   </div>
  
app/views/inventories/index.html.erb:11
Started GET "/inventories" for ::1 at 2023-05-03 11:11:11 +0300
Processing by InventoriesController#index as HTML
  [1m[36mUser Load (0.1ms)[0m  [1m[34mSELECT "users".* FROM "users" WHERE "users"."id" = ? ORDER BY "users"."id" ASC LIMIT ?[0m  [["id", 1], ["LIMIT", 1]]
  Rendering layout layouts/application.html.erb
  Rendering inventories/index.html.erb within layouts/application
  [1m[36mInventory Load (0.1ms)[0m  [1m[34mSELECT "inventories".* FROM "inventories" WHERE "inventories"."user_id" = ?[0m  [["user_id", 1]]
  ↳ app/views/inventories/index.html.erb:5
  Rendered inventories/_inventory.html.erb (Duration: 0.8ms | Allocations: 241)
  Rendered inventories/index.html.erb within layouts/application (Duration: 10.5ms | Allocations: 6145)
  Rendered layout layouts/application.html.erb (Duration: 10.7ms | Allocations: 6230)
Completed 500 Internal Server Error in 16ms (ActiveRecord: 0.2ms | Allocations: 8726)


  
ActionView::Template::Error (undefined method `can?' for #<ActionView::Base:0x00000000013358>

'.freeze;             if can? :destroy, inventory 
                         ^^^^):
     8:         <%= link_to "Show this inventory", inventory, class: "action" %>
     9:       </div>
    10:     
    11:             <% if can? :destroy, inventory %>
    12:                 <%= button_to "Remove", inventory, method: :delete, data: { confirm: "Are you sure?" }, class: "actions" %>
    13:             <% end %>
    14:             <% end %>
  
app/views/inventories/index.html.erb:11
app/views/inventories/index.html.erb:5
Started GET "/inventories" for ::1 at 2023-05-03 11:11:54 +0300
Processing by InventoriesController#index as HTML
  [1m[36mUser Load (0.1ms)[0m  [1m[34mSELECT "users".* FROM "users" WHERE "users"."id" = ? ORDER BY "users"."id" ASC LIMIT ?[0m  [["id", 1], ["LIMIT", 1]]
  Rendering layout layouts/application.html.erb
  Rendering inventories/index.html.erb within layouts/application
  Rendered inventories/index.html.erb within layouts/application (Duration: 1.1ms | Allocations: 1211)
  Rendered layout layouts/application.html.erb (Duration: 1.3ms | Allocations: 1300)
Completed 500 Internal Server Error in 6ms (ActiveRecord: 0.1ms | Allocations: 3738)


  
ActionView::SyntaxErrorInTemplate (Encountered a syntax error while rendering template: check <h1 class="inventories_header">Inventories</h1>
<div class="inventory">
  <%= link_to "New Inventory", new_inventory_path, class: "add-inventories" %>
  <div id="inventories">
    <% @inventories.each do |inventory| %>
      <%= render inventory %>
      <div class="show-inventory">
        <%= link_to "Show this inventory", inventory, class: "action" %>
      </div>        
  </div>
</div>
):
1:    <h1 class="inventories_header">Inventories</h1>
2:    <div class="inventory">
3:      <%= link_to "New Inventory", new_inventory_path, class: "add-inventories" %>
4:      <div id="inventories">
5:        <% @inventories.each do |inventory| %>
6:          <%= render inventory %>
7:          <div class="show-inventory">
8:            <%= link_to "Show this inventory", inventory, class: "action" %>
9:          </div>        
10:      </div>
11:    </div>
  
app/views/inventories/index.html.erb:13: syntax error, unexpected end-of-input, expecting `end'
app/views/inventories/index.html.erb:13: syntax error, unexpected end-of-input, expecting `end'
app/views/inventories/index.html.erb:13: syntax error, unexpected end-of-input, expecting `end'
app/views/inventories/index.html.erb:13: syntax error, unexpected end-of-input, expecting `end'
app/views/inventories/index.html.erb:13: syntax error, unexpected end-of-input, expecting `end'
app/views/inventories/index.html.erb:13: syntax error, unexpected end-of-input, expecting `end'
Started GET "/inventories" for ::1 at 2023-05-03 11:13:12 +0300
Processing by InventoriesController#index as HTML
  [1m[36mUser Load (0.1ms)[0m  [1m[34mSELECT "users".* FROM "users" WHERE "users"."id" = ? ORDER BY "users"."id" ASC LIMIT ?[0m  [["id", 1], ["LIMIT", 1]]
  Rendering layout layouts/application.html.erb
  Rendering inventories/index.html.erb within layouts/application
  [1m[36mInventory Load (0.1ms)[0m  [1m[34mSELECT "inventories".* FROM "inventories" WHERE "inventories"."user_id" = ?[0m  [["user_id", 1]]
  ↳ app/views/inventories/index.html.erb:5
  Rendered inventories/_inventory.html.erb (Duration: 5.6ms | Allocations: 4961)
  Rendered inventories/index.html.erb within layouts/application (Duration: 8.6ms | Allocations: 6189)
  Rendered layout layouts/application.html.erb (Duration: 8.9ms | Allocations: 6274)
Completed 500 Internal Server Error in 15ms (ActiveRecord: 0.2ms | Allocations: 8769)


  
ActionView::Template::Error (undefined method `can?' for #<ActionView::Base:0x00000000013b00>

'.freeze;           if can? :destroy, inventory 
                       ^^^^):
    3:         <div class="inventory-name">
    4:             <h1><%= inventory.name %></h1>
    5:         </div>
    6:           <% if can? :destroy, inventory %>
    7:                 <%= button_to "Remove", inventory, method: :delete, data: { confirm: "Are you sure?" }, class: "actions" %>
    8:             <% end %>
    9:     <% end %>
  
app/views/inventories/_inventory.html.erb:6
app/views/inventories/_inventory.html.erb:2
app/views/inventories/index.html.erb:6
app/views/inventories/index.html.erb:5
Started GET "/" for 127.0.0.1 at 2023-05-03 11:14:11 +0300
  [1m[36mActiveRecord::SchemaMigration Pluck (0.1ms)[0m  [1m[34mSELECT "schema_migrations"."version" FROM "schema_migrations" ORDER BY "schema_migrations"."version" ASC[0m
Processing by UserController#index as HTML
Completed 401 Unauthorized in 15ms (ActiveRecord: 0.0ms | Allocations: 2855)


Started GET "/users/sign_in" for 127.0.0.1 at 2023-05-03 11:14:11 +0300
Processing by Devise::SessionsController#new as HTML
  Rendering layout layouts/application.html.erb
  Rendering devise/sessions/new.html.erb within layouts/application
  Rendered devise/shared/_links.html.erb (Duration: 3.9ms | Allocations: 845)
  Rendered devise/sessions/new.html.erb within layouts/application (Duration: 13.6ms | Allocations: 4007)
  Rendered layout layouts/application.html.erb (Duration: 84.2ms | Allocations: 41327)
Completed 200 OK in 114ms (Views: 96.1ms | ActiveRecord: 0.6ms | Allocations: 52459)


Started POST "/users/sign_in" for 127.0.0.1 at 2023-05-03 11:14:17 +0300
Processing by Devise::SessionsController#create as TURBO_STREAM
  Parameters: {"authenticity_token"=>"[FILTERED]", "user"=>{"email"=>"new@gmail.com", "password"=>"[FILTERED]", "remember_me"=>"0"}, "commit"=>"Log in"}
  [1m[36mUser Load (0.2ms)[0m  [1m[34mSELECT "users".* FROM "users" WHERE "users"."email" = ? ORDER BY "users"."id" ASC LIMIT ?[0m  [["email", "new@gmail.com"], ["LIMIT", 1]]
Redirected to http://127.0.0.1:3000/
Completed 303 See Other in 230ms (ActiveRecord: 0.2ms | Allocations: 6112)


Started GET "/" for 127.0.0.1 at 2023-05-03 11:14:17 +0300
Processing by UserController#index as TURBO_STREAM
  [1m[36mUser Load (0.2ms)[0m  [1m[34mSELECT "users".* FROM "users" WHERE "users"."id" = ? ORDER BY "users"."id" ASC LIMIT ?[0m  [["id", 1], ["LIMIT", 1]]
  Rendering layout layouts/application.html.erb
  Rendering user/index.html.erb within layouts/application
  Rendered user/index.html.erb within layouts/application (Duration: 0.9ms | Allocations: 490)
  Rendered layout layouts/application.html.erb (Duration: 4.2ms | Allocations: 3072)
Completed 200 OK in 22ms (Views: 5.8ms | ActiveRecord: 0.2ms | Allocations: 5546)


Started GET "/inventories" for 127.0.0.1 at 2023-05-03 11:14:22 +0300
Processing by InventoriesController#index as HTML
  [1m[36mUser Load (0.1ms)[0m  [1m[34mSELECT "users".* FROM "users" WHERE "users"."id" = ? ORDER BY "users"."id" ASC LIMIT ?[0m  [["id", 1], ["LIMIT", 1]]
  Rendering layout layouts/application.html.erb
  Rendering inventories/index.html.erb within layouts/application
  [1m[36mInventory Load (0.1ms)[0m  [1m[34mSELECT "inventories".* FROM "inventories" WHERE "inventories"."user_id" = ?[0m  [["user_id", 1]]
  ↳ app/views/inventories/index.html.erb:5
  Rendered inventories/_inventory.html.erb (Duration: 5.2ms | Allocations: 5005)
  Rendered inventories/index.html.erb within layouts/application (Duration: 16.2ms | Allocations: 10250)
  Rendered layout layouts/application.html.erb (Duration: 16.3ms | Allocations: 10336)
Completed 500 Internal Server Error in 31ms (ActiveRecord: 0.7ms | Allocations: 15869)


  
ActionView::Template::Error (undefined method `can?' for #<ActionView::Base:0x0000000000d390>

'.freeze;           if can? :destroy, inventory 
                       ^^^^):
    3:         <div class="inventory-name">
    4:             <h1><%= inventory.name %></h1>
    5:         </div>
    6:           <% if can? :destroy, inventory %>
    7:                 <%= button_to "Remove", inventory, method: :delete, data: { confirm: "Are you sure?" }, class: "actions" %>
    8:             <% end %>
    9:     <% end %>
  
app/views/inventories/_inventory.html.erb:6
app/views/inventories/_inventory.html.erb:2
app/views/inventories/index.html.erb:6
app/views/inventories/index.html.erb:5
Started GET "/inventories" for 127.0.0.1 at 2023-05-03 11:15:35 +0300
Processing by InventoriesController#index as HTML
  [1m[36mUser Load (0.5ms)[0m  [1m[34mSELECT "users".* FROM "users" WHERE "users"."id" = ? ORDER BY "users"."id" ASC LIMIT ?[0m  [["id", 1], ["LIMIT", 1]]
  Rendering layout layouts/application.html.erb
  Rendering inventories/index.html.erb within layouts/application
  [1m[36mInventory Load (0.1ms)[0m  [1m[34mSELECT "inventories".* FROM "inventories" WHERE "inventories"."user_id" = ?[0m  [["user_id", 1]]
  ↳ app/views/inventories/index.html.erb:5
  Rendered inventories/_inventory.html.erb (Duration: 4.1ms | Allocations: 4656)
  Rendered inventories/index.html.erb within layouts/application (Duration: 8.9ms | Allocations: 8010)
  Rendered layout layouts/application.html.erb (Duration: 9.1ms | Allocations: 8096)
Completed 500 Internal Server Error in 24ms (ActiveRecord: 2.1ms | Allocations: 17039)


  
ActionView::Template::Error (undefined method `can?' for #<ActionView::Base:0x00000000012ea8>

'.freeze;           if can? :destroy, inventory 
                       ^^^^):
    3:         <div class="inventory-name">
    4:             <h1><%= inventory.name %></h1>
    5:         </div>
    6:           <% if can? :destroy, inventory %>
    7:                 <%= button_to "Remove", inventory, method: :delete, data: { confirm: "Are you sure?" }, class: "actions" %>
    8:             <% end %>
    9:     <% end %>
  
app/views/inventories/_inventory.html.erb:6
app/views/inventories/_inventory.html.erb:2
app/views/inventories/index.html.erb:6
app/views/inventories/index.html.erb:5
Started GET "/inventories" for 127.0.0.1 at 2023-05-03 11:16:27 +0300
Processing by InventoriesController#index as HTML
  [1m[36mUser Load (0.1ms)[0m  [1m[34mSELECT "users".* FROM "users" WHERE "users"."id" = ? ORDER BY "users"."id" ASC LIMIT ?[0m  [["id", 1], ["LIMIT", 1]]
  Rendering layout layouts/application.html.erb
  Rendering inventories/index.html.erb within layouts/application
  [1m[36mInventory Load (0.1ms)[0m  [1m[34mSELECT "inventories".* FROM "inventories" WHERE "inventories"."user_id" = ?[0m  [["user_id", 1]]
  ↳ app/views/inventories/index.html.erb:5
  Rendered inventories/_inventory.html.erb (Duration: 0.5ms | Allocations: 241)
  Rendered inventories/index.html.erb within layouts/application (Duration: 7.5ms | Allocations: 6106)
  Rendered layout layouts/application.html.erb (Duration: 7.7ms | Allocations: 6191)
Completed 500 Internal Server Error in 12ms (ActiveRecord: 0.2ms | Allocations: 8561)


  
ActionView::Template::Error (undefined method `can?' for #<ActionView::Base:0x00000000013240>

'.freeze;       if can? :destroy, inventory 
                   ^^^^):
     7:       <div class="show-inventory">
     8:         <%= link_to "Show this inventory", inventory, class: "action" %>
     9:       </div>
    10:       <% if can? :destroy, inventory %>
    11:                 <%= button_to "Remove", inventory, method: :delete, data: { confirm: "Are you sure?" }, class: "actions" %>
    12:             <% end %>
    13:     <% end %>
  
app/views/inventories/index.html.erb:10
app/views/inventories/index.html.erb:5
Started GET "/inventories" for 127.0.0.1 at 2023-05-03 11:16:56 +0300
  
NameError (undefined local variable or method `load_and_authorize_resource' for InventoriesController:Class

    load_and_authorize_resource
    ^^^^^^^^^^^^^^^^^^^^^^^^^^^):
  
app/controllers/inventories_controller.rb:2:in `<class:InventoriesController>'
app/controllers/inventories_controller.rb:1:in `<main>'
Started GET "/inventories" for 127.0.0.1 at 2023-05-03 11:17:44 +0300
  
NameError (undefined local variable or method `load_and_authorize_resource' for InventoriesController:Class

    load_and_authorize_resource
    ^^^^^^^^^^^^^^^^^^^^^^^^^^^):
  
app/controllers/inventories_controller.rb:2:in `<class:InventoriesController>'
app/controllers/inventories_controller.rb:1:in `<main>'
Started GET "/inventories" for 127.0.0.1 at 2023-05-03 11:19:28 +0300
  
NameError (undefined local variable or method `load_and_authorize_resource' for InventoriesController:Class

    load_and_authorize_resource
    ^^^^^^^^^^^^^^^^^^^^^^^^^^^):
  
app/controllers/inventories_controller.rb:2:in `<class:InventoriesController>'
app/controllers/inventories_controller.rb:1:in `<main>'
Started GET "/" for 127.0.0.1 at 2023-05-03 11:19:50 +0300
  [1m[36mActiveRecord::SchemaMigration Pluck (0.1ms)[0m  [1m[34mSELECT "schema_migrations"."version" FROM "schema_migrations" ORDER BY "schema_migrations"."version" ASC[0m
Processing by UserController#index as HTML
  [1m[36mUser Load (0.2ms)[0m  [1m[34mSELECT "users".* FROM "users" WHERE "users"."id" = ? ORDER BY "users"."id" ASC LIMIT ?[0m  [["id", 1], ["LIMIT", 1]]
  Rendering layout layouts/application.html.erb
  Rendering user/index.html.erb within layouts/application
  Rendered user/index.html.erb within layouts/application (Duration: 1.8ms | Allocations: 774)
  Rendered layout layouts/application.html.erb (Duration: 205.0ms | Allocations: 54576)
Completed 200 OK in 245ms (Views: 209.1ms | ActiveRecord: 0.7ms | Allocations: 85281)


Started GET "/inventories" for 127.0.0.1 at 2023-05-03 11:20:00 +0300
Processing by InventoriesController#index as HTML
  [1m[36mUser Load (0.2ms)[0m  [1m[34mSELECT "users".* FROM "users" WHERE "users"."id" = ? ORDER BY "users"."id" ASC LIMIT ?[0m  [["id", 1], ["LIMIT", 1]]
Completed 500 Internal Server Error in 22ms (ActiveRecord: 0.2ms | Allocations: 12412)


  
NameError (undefined local variable or method `use' for #<Ability:0x00007fdfe69bd4f8 @rules=[#<CanCan::Rulecan [:read], [Recipe(id: integer, user_id: integer, name: string, preparation: time, cooking: time, description: text, plublic: boolean, created_at: datetime, updated_at: datetime)], [], {:public=>true}>, #<CanCan::Rulecan [:read], [:all], [], {}>, #<CanCan::Rulecan [:manage], [Recipe(id: integer, user_id: integer, name: string, preparation: time, cooking: time, description: text, plublic: boolean, created_at: datetime, updated_at: datetime)], [], {:user=>#<User id: 1, email: "new@gmail.com", name: "Aman", created_at: "2023-05-02 19:07:50.850554000 +0000", updated_at: "2023-05-03 05:09:40.925046000 +0000">}>], @rules_index={Recipe(id: integer, user_id: integer, name: string, preparation: time, cooking: time, description: text, plublic: boolean, created_at: datetime, updated_at: datetime)=>[0, 2], :all=>[1]}>
Did you mean?  user):
  
app/models/ability.rb:11:in `initialize'
Started GET "/inventories" for 127.0.0.1 at 2023-05-03 11:20:18 +0300
Processing by InventoriesController#index as HTML
  [1m[36mUser Load (0.1ms)[0m  [1m[34mSELECT "users".* FROM "users" WHERE "users"."id" = ? ORDER BY "users"."id" ASC LIMIT ?[0m  [["id", 1], ["LIMIT", 1]]
  Rendering layout layouts/application.html.erb
  Rendering inventories/index.html.erb within layouts/application
  [1m[36mInventory Load (0.1ms)[0m  [1m[34mSELECT "inventories".* FROM "inventories" WHERE "inventories"."user_id" = ?[0m  [["user_id", 1]]
  ↳ app/views/inventories/index.html.erb:5
  Rendered inventories/_inventory.html.erb (Duration: 0.9ms | Allocations: 294)
  [1m[36mUser Load (0.2ms)[0m  [1m[34mSELECT "users".* FROM "users" WHERE "users"."id" = ? LIMIT ?[0m  [["id", 1], ["LIMIT", 1]]
  ↳ app/views/inventories/index.html.erb:10
  Rendered inventories/index.html.erb within layouts/application (Duration: 19.1ms | Allocations: 20280)
  Rendered layout layouts/application.html.erb (Duration: 31.1ms | Allocations: 35180)
Completed 200 OK in 58ms (Views: 32.8ms | ActiveRecord: 1.6ms | Allocations: 54569)


Started GET "/inventories/1" for 127.0.0.1 at 2023-05-03 11:20:22 +0300
  
AbstractController::ActionNotFound (The action 'show' could not be found for InventoriesController):
  
actionpack (7.0.4.3) lib/abstract_controller/base.rb:146:in `process'
actionview (7.0.4.3) lib/action_view/rendering.rb:39:in `process'
actionpack (7.0.4.3) lib/action_controller/metal.rb:188:in `dispatch'
actionpack (7.0.4.3) lib/action_controller/metal.rb:251:in `dispatch'
actionpack (7.0.4.3) lib/action_dispatch/routing/route_set.rb:49:in `dispatch'
actionpack (7.0.4.3) lib/action_dispatch/routing/route_set.rb:32:in `serve'
actionpack (7.0.4.3) lib/action_dispatch/journey/router.rb:50:in `block in serve'
actionpack (7.0.4.3) lib/action_dispatch/journey/router.rb:32:in `each'
actionpack (7.0.4.3) lib/action_dispatch/journey/router.rb:32:in `serve'
actionpack (7.0.4.3) lib/action_dispatch/routing/route_set.rb:852:in `call'
warden (1.2.9) lib/warden/manager.rb:36:in `block in call'
warden (1.2.9) lib/warden/manager.rb:34:in `catch'
warden (1.2.9) lib/warden/manager.rb:34:in `call'
rack (2.2.7) lib/rack/tempfile_reaper.rb:15:in `call'
rack (2.2.7) lib/rack/etag.rb:27:in `call'
rack (2.2.7) lib/rack/conditional_get.rb:27:in `call'
rack (2.2.7) lib/rack/head.rb:12:in `call'
actionpack (7.0.4.3) lib/action_dispatch/http/permissions_policy.rb:38:in `call'
actionpack (7.0.4.3) lib/action_dispatch/http/content_security_policy.rb:36:in `call'
rack (2.2.7) lib/rack/session/abstract/id.rb:266:in `context'
rack (2.2.7) lib/rack/session/abstract/id.rb:260:in `call'
actionpack (7.0.4.3) lib/action_dispatch/middleware/cookies.rb:704:in `call'
activerecord (7.0.4.3) lib/active_record/migration.rb:603:in `call'
actionpack (7.0.4.3) lib/action_dispatch/middleware/callbacks.rb:27:in `block in call'
activesupport (7.0.4.3) lib/active_support/callbacks.rb:99:in `run_callbacks'
actionpack (7.0.4.3) lib/action_dispatch/middleware/callbacks.rb:26:in `call'
actionpack (7.0.4.3) lib/action_dispatch/middleware/executor.rb:14:in `call'
actionpack (7.0.4.3) lib/action_dispatch/middleware/actionable_exceptions.rb:17:in `call'
actionpack (7.0.4.3) lib/action_dispatch/middleware/debug_exceptions.rb:28:in `call'
web-console (4.2.0) lib/web_console/middleware.rb:132:in `call_app'
web-console (4.2.0) lib/web_console/middleware.rb:28:in `block in call'
web-console (4.2.0) lib/web_console/middleware.rb:17:in `catch'
web-console (4.2.0) lib/web_console/middleware.rb:17:in `call'
actionpack (7.0.4.3) lib/action_dispatch/middleware/show_exceptions.rb:26:in `call'
railties (7.0.4.3) lib/rails/rack/logger.rb:40:in `call_app'
railties (7.0.4.3) lib/rails/rack/logger.rb:25:in `block in call'
activesupport (7.0.4.3) lib/active_support/tagged_logging.rb:99:in `block in tagged'
activesupport (7.0.4.3) lib/active_support/tagged_logging.rb:37:in `tagged'
activesupport (7.0.4.3) lib/active_support/tagged_logging.rb:99:in `tagged'
railties (7.0.4.3) lib/rails/rack/logger.rb:25:in `call'
sprockets-rails (3.4.2) lib/sprockets/rails/quiet_assets.rb:13:in `call'
actionpack (7.0.4.3) lib/action_dispatch/middleware/remote_ip.rb:93:in `call'
actionpack (7.0.4.3) lib/action_dispatch/middleware/request_id.rb:26:in `call'
rack (2.2.7) lib/rack/method_override.rb:24:in `call'
rack (2.2.7) lib/rack/runtime.rb:22:in `call'
activesupport (7.0.4.3) lib/active_support/cache/strategy/local_cache_middleware.rb:29:in `call'
actionpack (7.0.4.3) lib/action_dispatch/middleware/server_timing.rb:61:in `block in call'
actionpack (7.0.4.3) lib/action_dispatch/middleware/server_timing.rb:26:in `collect_events'
actionpack (7.0.4.3) lib/action_dispatch/middleware/server_timing.rb:60:in `call'
actionpack (7.0.4.3) lib/action_dispatch/middleware/executor.rb:14:in `call'
actionpack (7.0.4.3) lib/action_dispatch/middleware/static.rb:23:in `call'
rack (2.2.7) lib/rack/sendfile.rb:110:in `call'
actionpack (7.0.4.3) lib/action_dispatch/middleware/host_authorization.rb:137:in `call'
railties (7.0.4.3) lib/rails/engine.rb:530:in `call'
puma (5.6.5) lib/puma/configuration.rb:252:in `call'
puma (5.6.5) lib/puma/request.rb:77:in `block in handle_request'
puma (5.6.5) lib/puma/thread_pool.rb:340:in `with_force_shutdown'
puma (5.6.5) lib/puma/request.rb:76:in `handle_request'
puma (5.6.5) lib/puma/server.rb:443:in `process_client'
puma (5.6.5) lib/puma/thread_pool.rb:147:in `block in spawn_thread'
Started GET "/inventories" for 127.0.0.1 at 2023-05-03 11:20:24 +0300
Processing by InventoriesController#index as HTML
  [1m[36mUser Load (0.1ms)[0m  [1m[34mSELECT "users".* FROM "users" WHERE "users"."id" = ? ORDER BY "users"."id" ASC LIMIT ?[0m  [["id", 1], ["LIMIT", 1]]
  Rendering layout layouts/application.html.erb
  Rendering inventories/index.html.erb within layouts/application
  [1m[36mInventory Load (0.3ms)[0m  [1m[34mSELECT "inventories".* FROM "inventories" WHERE "inventories"."user_id" = ?[0m  [["user_id", 1]]
  ↳ app/views/inventories/index.html.erb:5
  Rendered inventories/_inventory.html.erb (Duration: 0.3ms | Allocations: 55)
  [1m[36mUser Load (0.1ms)[0m  [1m[34mSELECT "users".* FROM "users" WHERE "users"."id" = ? LIMIT ?[0m  [["id", 1], ["LIMIT", 1]]
  ↳ app/views/inventories/index.html.erb:10
  Rendered inventories/index.html.erb within layouts/application (Duration: 5.6ms | Allocations: 1878)
  Rendered layout layouts/application.html.erb (Duration: 10.6ms | Allocations: 4263)
Completed 200 OK in 16ms (Views: 11.1ms | ActiveRecord: 0.5ms | Allocations: 6339)


Started GET "/inventories" for 127.0.0.1 at 2023-05-03 11:48:12 +0300
Processing by InventoriesController#index as HTML
  [1m[36mUser Load (0.6ms)[0m  [1m[34mSELECT "users".* FROM "users" WHERE "users"."id" = ? ORDER BY "users"."id" ASC LIMIT ?[0m  [["id", 1], ["LIMIT", 1]]
  Rendering layout layouts/application.html.erb
  Rendering inventories/index.html.erb within layouts/application
  [1m[36mInventory Load (0.7ms)[0m  [1m[34mSELECT "inventories".* FROM "inventories" WHERE "inventories"."user_id" = ?[0m  [["user_id", 1]]
  ↳ app/views/inventories/index.html.erb:5
  Rendered inventories/_inventory.html.erb (Duration: 0.3ms | Allocations: 76)
  [1m[36mUser Load (0.2ms)[0m  [1m[34mSELECT "users".* FROM "users" WHERE "users"."id" = ? LIMIT ?[0m  [["id", 1], ["LIMIT", 1]]
  ↳ app/views/inventories/index.html.erb:10
  Rendered inventories/index.html.erb within layouts/application (Duration: 10.3ms | Allocations: 5482)
  Rendered layout layouts/application.html.erb (Duration: 45.9ms | Allocations: 22041)
Completed 200 OK in 96ms (Views: 47.2ms | ActiveRecord: 2.6ms | Allocations: 38074)


Started GET "/inventories" for 127.0.0.1 at 2023-05-03 11:49:07 +0300
Processing by InventoriesController#index as HTML
  [1m[36mUser Load (0.1ms)[0m  [1m[34mSELECT "users".* FROM "users" WHERE "users"."id" = ? ORDER BY "users"."id" ASC LIMIT ?[0m  [["id", 1], ["LIMIT", 1]]
  Rendering layout layouts/application.html.erb
  Rendering inventories/index.html.erb within layouts/application
  [1m[36mInventory Load (0.1ms)[0m  [1m[34mSELECT "inventories".* FROM "inventories" WHERE "inventories"."user_id" = ?[0m  [["user_id", 1]]
  ↳ app/views/inventories/index.html.erb:5
  Rendered inventories/_inventory.html.erb (Duration: 1.3ms | Allocations: 247)
  [1m[36mUser Load (0.1ms)[0m  [1m[34mSELECT "users".* FROM "users" WHERE "users"."id" = ? LIMIT ?[0m  [["id", 1], ["LIMIT", 1]]
  ↳ app/views/inventories/index.html.erb:10
  Rendered inventories/index.html.erb within layouts/application (Duration: 6.3ms | Allocations: 2451)
  Rendered layout layouts/application.html.erb (Duration: 15.6ms | Allocations: 6319)
Completed 200 OK in 23ms (Views: 17.3ms | ActiveRecord: 0.3ms | Allocations: 9109)


Started GET "/inventories" for 127.0.0.1 at 2023-05-03 11:49:19 +0300
Processing by InventoriesController#index as HTML
  [1m[36mUser Load (0.1ms)[0m  [1m[34mSELECT "users".* FROM "users" WHERE "users"."id" = ? ORDER BY "users"."id" ASC LIMIT ?[0m  [["id", 1], ["LIMIT", 1]]
  Rendering layout layouts/application.html.erb
  Rendering inventories/index.html.erb within layouts/application
  [1m[36mInventory Load (0.1ms)[0m  [1m[34mSELECT "inventories".* FROM "inventories" WHERE "inventories"."user_id" = ?[0m  [["user_id", 1]]
  ↳ app/views/inventories/index.html.erb:5
  Rendered inventories/_inventory.html.erb (Duration: 0.1ms | Allocations: 55)
  [1m[36mUser Load (0.1ms)[0m  [1m[34mSELECT "users".* FROM "users" WHERE "users"."id" = ? LIMIT ?[0m  [["id", 1], ["LIMIT", 1]]
  ↳ app/views/inventories/index.html.erb:10
  Rendered inventories/index.html.erb within layouts/application (Duration: 4.1ms | Allocations: 1878)
  Rendered layout layouts/application.html.erb (Duration: 15.0ms | Allocations: 6992)
Completed 200 OK in 19ms (Views: 15.3ms | ActiveRecord: 0.3ms | Allocations: 9037)


